<?xml version="1.0" encoding="UTF-8"?>
<!-- Generated by org.testng.reporters.JUnitReportReporter -->
<testsuite hostname="doudou-PC" name="TestngProj.TestngDemo" tests="2" failures="0" timestamp="27 Feb 2016 00:40:16 GMT" time="22.981" errors="0">
  <testcase name="loginTest" time="12.284" classname="TestngProj.TestngDemo"/>
  <testcase name="f" time="10.697" classname="TestngProj.TestngDemo"/>
</testsuite> <!-- TestngProj.TestngDemo -->
