<?xml version="1.0" encoding="UTF-8"?>
<!-- Generated by org.testng.reporters.JUnitReportReporter -->
<testsuite hostname="ALI-WB033095W" name="TestngProj.JavaScriptClickTest" tests="1" failures="0" timestamp="29 Feb 2016 04:47:06 GMT" time="7.362" errors="0">
  <testcase name="visitUrl" time="7.362" classname="TestngProj.JavaScriptClickTest"/>
</testsuite> <!-- TestngProj.JavaScriptClickTest -->
