<?xml version="1.0" encoding="UTF-8"?>
<!-- Generated by org.testng.reporters.JUnitReportReporter -->
<testsuite hostname="doudou-PC" name="TestngProj.AnnotationTest" tests="2" failures="0" timestamp="27 Feb 2016 00:40:16 GMT" time="0.000" errors="0">
  <testcase name="testCase2" time="0.000" classname="TestngProj.AnnotationTest"/>
  <testcase name="testCase1" time="0.000" classname="TestngProj.AnnotationTest"/>
</testsuite> <!-- TestngProj.AnnotationTest -->
